#
# There is insufficient memory for the Java Runtime Environment to continue.
# Native memory allocation (malloc) failed to allocate 1048576 bytes for AllocateHeap
# Possible reasons:
#   The system is out of physical RAM or swap space
#   The process is running with CompressedOops enabled, and the Java Heap may be blocking the growth of the native heap
# Possible solutions:
#   Reduce memory load on the system
#   Increase physical memory or swap space
#   Check if swap backing store is full
#   Decrease Java heap size (-Xmx/-Xms)
#   Decrease number of Java threads
#   Decrease Java thread stack sizes (-Xss)
#   Set larger code cache with -XX:ReservedCodeCacheSize=
#   JVM is running with Zero Based Compressed Oops mode in which the Java heap is
#     placed in the first 32GB address space. The Java Heap base address is the
#     maximum limit for the native heap growth. Please use -XX:HeapBaseMinAddress
#     to set the Java Heap base and to place the Java Heap above 32GB virtual address.
# This output file may be truncated or incomplete.
#
#  Out of Memory Error (memory/allocation.inline.hpp:61), pid=18272, tid=0x0000000000002e38
#
# JRE version:  (8.0_192-b04) (build )
# Java VM: Java HotSpot(TM) 64-Bit Server VM (25.192-b04 mixed mode windows-amd64 compressed oops)
# Failed to write core dump. Minidumps are not enabled by default on client versions of Windows
#

---------------  T H R E A D  ---------------

Current thread (0x0000000002df3800):  JavaThread "Unknown thread" [_thread_in_vm, id=11832, stack(0x0000000002b60000,0x0000000002c60000)]

Stack: [0x0000000002b60000,0x0000000002c60000]
[error occurred during error reporting (printing stack bounds), id 0xc0000005]

Native frames: (J=compiled Java code, j=interpreted, Vv=VM code, C=native code)


---------------  P R O C E S S  ---------------

Java Threads: ( => current thread )

Other Threads:

=>0x0000000002df3800 (exited) JavaThread "Unknown thread" [_thread_in_vm, id=11832, stack(0x0000000002b60000,0x0000000002c60000)]

VM state:not at safepoint (normal execution)

VM Mutex/Monitor currently owned by a thread: None

heap address: 0x00000006c2000000, size: 4064 MB, Compressed Oops mode: Zero based, Oop shift amount: 3
Narrow klass base: 0x0000000000000000, Narrow klass shift: 3
Compressed class space size: 1073741824 Address: 0x00000007c0000000

Heap:
 PSYoungGen      total 75776K, used 1300K [0x000000076b580000, 0x0000000770a00000, 0x00000007c0000000)
  eden space 65024K, 2% used [0x000000076b580000,0x000000076b6c51f8,0x000000076f500000)
  from space 10752K, 0% used [0x000000076ff80000,0x000000076ff80000,0x0000000770a00000)
  to   space 10752K, 0% used [0x000000076f500000,0x000000076f500000,0x000000076ff80000)
 ParOldGen       total 173568K, used 0K [0x00000006c2000000, 0x00000006cc980000, 0x000000076b580000)
  object space 173568K, 0% used [0x00000006c2000000,0x00000006c2000000,0x00000006cc980000)
 Metaspace       used 775K, capacity 4480K, committed 4480K, reserved 1056768K
  class space    used 76K, capacity 384K, committed 384K, reserved 1048576K

Card table byte_map: [0x00000000122b0000,0x0000000012ab0000] byte_map_base: 0x000000000eca0000

Marking Bits: (ParMarkBitMap*) 0x000000005a15ebe0
 Begin Bits: [0x0000000013800000, 0x0000000017780000)
 End Bits:   [0x0000000017780000, 0x000000001b700000)

Polling page: 0x0000000001010000

CodeCache: size=245760Kb used=328Kb max_used=328Kb free=245431Kb
 bounds [0x0000000002ef0000, 0x0000000003160000, 0x0000000011ef0000]
 total_blobs=58 nmethods=0 adapters=38
 compilation: enabled

Compilation events (0 events):
No events

GC Heap History (0 events):
No events

Deoptimization events (0 events):
No events

Classes redefined (0 events):
No events

Internal exceptions (0 events):
No events

Events (10 events):
Event: 0.024 loading class java/lang/Short
Event: 0.024 loading class java/lang/Short done
Event: 0.024 loading class java/lang/Integer
Event: 0.024 loading class java/lang/Integer done
Event: 0.024 loading class java/lang/Long
Event: 0.024 loading class java/lang/Long done
Event: 0.024 loading class java/lang/NullPointerException
Event: 0.024 loading class java/lang/NullPointerException done
Event: 0.024 loading class java/lang/ArithmeticException
Event: 0.025 loading class java/lang/ArithmeticException done


Dynamic libraries:
0x00007ff729a90000 - 0x00007ff729ac7000 	C:\Program Files\Java\jdk1.8.0_192\bin\java.exe
0x00007ffc7c8e0000 - 0x00007ffc7cad0000 	C:\WINDOWS\SYSTEM32\ntdll.dll
0x00007ffc7b000000 - 0x00007ffc7b0b2000 	C:\WINDOWS\System32\KERNEL32.DLL
0x00007ffc7a350000 - 0x00007ffc7a5f5000 	C:\WINDOWS\System32\KERNELBASE.dll
0x00007ffc7b250000 - 0x00007ffc7b2f3000 	C:\WINDOWS\System32\ADVAPI32.dll
0x00007ffc7c5e0000 - 0x00007ffc7c67e000 	C:\WINDOWS\System32\msvcrt.dll
0x00007ffc7c750000 - 0x00007ffc7c7e7000 	C:\WINDOWS\System32\sechost.dll
0x00007ffc7b0c0000 - 0x00007ffc7b1df000 	C:\WINDOWS\System32\RPCRT4.dll
0x00007ffc7bc70000 - 0x00007ffc7be04000 	C:\WINDOWS\System32\USER32.dll
0x00007ffc7a0e0000 - 0x00007ffc7a101000 	C:\WINDOWS\System32\win32u.dll
0x00007ffc7c6a0000 - 0x00007ffc7c6c6000 	C:\WINDOWS\System32\GDI32.dll
0x00007ffc7a110000 - 0x00007ffc7a2a8000 	C:\WINDOWS\System32\gdi32full.dll
0x00007ffc7a2b0000 - 0x00007ffc7a34e000 	C:\WINDOWS\System32\msvcp_win.dll
0x00007ffc7a890000 - 0x00007ffc7a98a000 	C:\WINDOWS\System32\ucrtbase.dll
0x00007ffc66800000 - 0x00007ffc66a84000 	C:\WINDOWS\WinSxS\amd64_microsoft.windows.common-controls_6595b64144ccf1df_6.0.18362.1379_none_9e7ff3b3e45cc0c4\COMCTL32.dll
0x00007ffc7a990000 - 0x00007ffc7acc7000 	C:\WINDOWS\System32\combase.dll
0x00007ffc7a600000 - 0x00007ffc7a681000 	C:\WINDOWS\System32\bcryptPrimitives.dll
0x00007ffc7afd0000 - 0x00007ffc7affe000 	C:\WINDOWS\System32\IMM32.DLL
0x000000005a1f0000 - 0x000000005a2c1000 	C:\Program Files\Java\jdk1.8.0_192\jre\bin\msvcr100.dll
0x0000000059940000 - 0x000000005a1de000 	C:\Program Files\Java\jdk1.8.0_192\jre\bin\server\jvm.dll
0x00007ffc7ae70000 - 0x00007ffc7ae78000 	C:\WINDOWS\System32\PSAPI.DLL
0x00007ffc6b5b0000 - 0x00007ffc6b5ba000 	C:\WINDOWS\SYSTEM32\VERSION.dll
0x00007ffc5dd10000 - 0x00007ffc5dd19000 	C:\WINDOWS\SYSTEM32\WSOCK32.dll
0x00007ffc76400000 - 0x00007ffc76424000 	C:\WINDOWS\SYSTEM32\WINMM.dll
0x00007ffc7b1e0000 - 0x00007ffc7b24f000 	C:\WINDOWS\System32\WS2_32.dll
0x00007ffc763d0000 - 0x00007ffc763fd000 	C:\WINDOWS\SYSTEM32\WINMMBASE.dll
0x00007ffc7a090000 - 0x00007ffc7a0da000 	C:\WINDOWS\System32\cfgmgr32.dll
0x00007ffc762c0000 - 0x00007ffc762cf000 	C:\Program Files\Java\jdk1.8.0_192\jre\bin\verify.dll
0x00007ffc74930000 - 0x00007ffc74959000 	C:\Program Files\Java\jdk1.8.0_192\jre\bin\java.dll
0x00007ffc6b890000 - 0x00007ffc6b8b3000 	C:\Program Files\Java\jdk1.8.0_192\jre\bin\instrument.dll
0x00007ffc74b10000 - 0x00007ffc74b26000 	C:\Program Files\Java\jdk1.8.0_192\jre\bin\zip.dll

VM Arguments:
jvm_args: -javaagent:H:\Tool\IDEA\IDEA2020.2.3\lib\idea_rt.jar=10356:H:\Tool\IDEA\IDEA2020.2.3\bin -Dfile.encoding=UTF-8 
java_command: xyz.scootaloo.console.app.Main
java_class_path (initial): C:\Program Files\Java\jdk1.8.0_192\jre\lib\charsets.jar;C:\Program Files\Java\jdk1.8.0_192\jre\lib\deploy.jar;C:\Program Files\Java\jdk1.8.0_192\jre\lib\ext\access-bridge-64.jar;C:\Program Files\Java\jdk1.8.0_192\jre\lib\ext\cldrdata.jar;C:\Program Files\Java\jdk1.8.0_192\jre\lib\ext\dnsns.jar;C:\Program Files\Java\jdk1.8.0_192\jre\lib\ext\jaccess.jar;C:\Program Files\Java\jdk1.8.0_192\jre\lib\ext\jfxrt.jar;C:\Program Files\Java\jdk1.8.0_192\jre\lib\ext\localedata.jar;C:\Program Files\Java\jdk1.8.0_192\jre\lib\ext\nashorn.jar;C:\Program Files\Java\jdk1.8.0_192\jre\lib\ext\sunec.jar;C:\Program Files\Java\jdk1.8.0_192\jre\lib\ext\sunjce_provider.jar;C:\Program Files\Java\jdk1.8.0_192\jre\lib\ext\sunmscapi.jar;C:\Program Files\Java\jdk1.8.0_192\jre\lib\ext\sunpkcs11.jar;C:\Program Files\Java\jdk1.8.0_192\jre\lib\ext\zipfs.jar;C:\Program Files\Java\jdk1.8.0_192\jre\lib\javaws.jar;C:\Program Files\Java\jdk1.8.0_192\jre\lib\jce.jar;C:\Program Files\Java\jdk1.8.0_192\jre\lib\jfxswt.jar;C:\Program Files\Java\jdk1.8.0_192\jre\lib\jsse.jar;C:\Program Files\Java\jdk1.8.0_192\jre\lib\management-agent.jar;C:\Program Files\Java\jdk1.8.0_192\jre\lib\plugin.jar;C:\Program Files\Java\jdk1.8.0_192\jre\lib\resources.jar;C:\Program Files\Java\jdk1.8.0_192\jre\lib\rt.jar;D:\proj\nProject\JConsoleApplication\target\classes;H:\Package\Maven_repository\org\yaml\snakeyaml\1.27\snakeyaml-1.27.jar;H:\Tool\IDEA\IDEA2020.2.3\lib\idea_rt.jar
Launcher Type: SUN_STANDARD

Environment Variables:
JAVA_HOME=C:\Program Files\Java\jdk1.8.0_192
USERNAME=Twilight Rarity
OS=Windows_NT
PROCESSOR_IDENTIFIER=Intel64 Family 6 Model 158 Stepping 10, GenuineIntel



---------------  S Y S T E M  ---------------

OS: Windows 10.0 , 64 bit Build 18362 (10.0.18362.1350)

CPU:total 8 (initial active 8) (4 cores per cpu, 2 threads per core) family 6 model 158 stepping 10, cmov, cx8, fxsr, mmx, sse, sse2, sse3, ssse3, sse4.1, sse4.2, popcnt, avx, avx2, aes, clmul, erms, 3dnowpref, lzcnt, ht, tsc, tscinvbit, bmi1, bmi2, adx

Memory: 4k page, physical 16643252k(7551780k free), swap 18740404k(5144k free)

vm_info: Java HotSpot(TM) 64-Bit Server VM (25.192-b04) for windows-amd64 JRE (1.8.0_192-ea-b04), built on Aug  1 2018 20:11:41 by "java_re" with MS VC++ 10.0 (VS2010)

time: Thu Mar 04 11:15:05 2021
timezone: 中国标准时间
elapsed time: 0 seconds (0d 0h 0m 0s)

